<?xml version="1.0" encoding="UTF-8"?>
<coverage generated="1678985944810" clover="3.2.0">
  <project timestamp="1678985944810" name="All files">
    <metrics statements="133" coveredstatements="123" conditionals="22" coveredconditionals="20" methods="48" coveredmethods="41" elements="203" coveredelements="184" complexity="0" loc="133" ncloc="133" packages="5" files="11" classes="11"/>
    <package name="src">
      <metrics statements="1" coveredstatements="1" conditionals="0" coveredconditionals="0" methods="1" coveredmethods="1"/>
      <file name="App.js" path="/home/livia/trybe_projetos/sd-028-a-project-trybewallet/src/App.js">
        <metrics statements="1" coveredstatements="1" conditionals="0" coveredconditionals="0" methods="1" coveredmethods="1"/>
        <line num="8" count="7" type="stmt"/>
      </file>
    </package>
    <package name="src.components">
      <metrics statements="54" coveredstatements="48" conditionals="6" coveredconditionals="6" methods="24" coveredmethods="20"/>
      <file name="Header.js" path="/home/livia/trybe_projetos/sd-028-a-project-trybewallet/src/components/Header.js">
        <metrics statements="7" coveredstatements="7" conditionals="0" coveredconditionals="0" methods="3" coveredmethods="3"/>
        <line num="7" count="19" type="stmt"/>
        <line num="8" count="19" type="stmt"/>
        <line num="14" count="8" type="stmt"/>
        <line num="16" count="8" type="stmt"/>
        <line num="17" count="8" type="stmt"/>
        <line num="27" count="19" type="stmt"/>
        <line num="33" count="1" type="stmt"/>
      </file>
      <file name="Table.js" path="/home/livia/trybe_projetos/sd-028-a-project-trybewallet/src/components/Table.js">
        <metrics statements="15" coveredstatements="15" conditionals="0" coveredconditionals="0" methods="8" coveredmethods="8"/>
        <line num="7" count="7" type="stmt"/>
        <line num="8" count="2" type="stmt"/>
        <line num="10" count="2" type="stmt"/>
        <line num="13" count="7" type="stmt"/>
        <line num="14" count="1" type="stmt"/>
        <line num="16" count="1" type="stmt"/>
        <line num="17" count="1" type="stmt"/>
        <line num="21" count="1" type="stmt"/>
        <line num="25" count="19" type="stmt"/>
        <line num="27" count="19" type="stmt"/>
        <line num="44" count="8" type="stmt"/>
        <line num="63" count="2" type="stmt"/>
        <line num="70" count="1" type="stmt"/>
        <line num="83" count="19" type="stmt"/>
        <line num="88" count="1" type="stmt"/>
      </file>
      <file name="WalletForm.js" path="/home/livia/trybe_projetos/sd-028-a-project-trybewallet/src/components/WalletForm.js">
        <metrics statements="32" coveredstatements="26" conditionals="6" coveredconditionals="6" methods="13" coveredmethods="9"/>
        <line num="8" count="7" type="stmt"/>
        <line num="18" count="7" type="stmt"/>
        <line num="20" count="7" type="stmt"/>
        <line num="24" count="75" type="stmt"/>
        <line num="26" count="75" type="cond" truecount="2" falsecount="0"/>
        <line num="27" count="2" type="stmt"/>
        <line num="28" count="2" type="stmt"/>
        <line num="30" count="2" type="stmt"/>
        <line num="31" count="2" type="stmt"/>
        <line num="39" count="2" type="stmt"/>
        <line num="43" count="7" type="stmt"/>
        <line num="44" count="60" type="stmt"/>
        <line num="46" count="60" type="stmt"/>
        <line num="51" count="7" type="stmt"/>
        <line num="52" count="4" type="stmt"/>
        <line num="53" count="4" type="stmt"/>
        <line num="54" count="4" type="stmt"/>
        <line num="56" count="4" type="stmt"/>
        <line num="62" count="7" type="stmt"/>
        <line num="64" count="0" type="stmt"/>
        <line num="66" count="0" type="stmt"/>
        <line num="67" count="0" type="stmt"/>
        <line num="68" count="0" type="stmt"/>
        <line num="73" count="0" type="stmt"/>
        <line num="77" count="82" type="stmt"/>
        <line num="78" count="82" type="stmt"/>
        <line num="80" count="82" type="stmt"/>
        <line num="114" count="210" type="stmt"/>
        <line num="155" count="0" type="cond" truecount="2" falsecount="0"/>
        <line num="156" count="4" type="stmt"/>
        <line num="165" count="19" type="stmt"/>
        <line num="172" count="1" type="stmt"/>
      </file>
    </package>
    <package name="src.pages">
      <metrics statements="18" coveredstatements="18" conditionals="2" coveredconditionals="2" methods="6" coveredmethods="6"/>
      <file name="Login.js" path="/home/livia/trybe_projetos/sd-028-a-project-trybewallet/src/pages/Login.js">
        <metrics statements="17" coveredstatements="17" conditionals="2" coveredconditionals="2" methods="5" coveredmethods="5"/>
        <line num="7" count="3" type="stmt"/>
        <line num="13" count="3" type="stmt"/>
        <line num="14" count="21" type="stmt"/>
        <line num="16" count="21" type="stmt"/>
        <line num="18" count="21" type="stmt"/>
        <line num="21" count="3" type="stmt"/>
        <line num="22" count="21" type="stmt"/>
        <line num="23" count="21" type="stmt"/>
        <line num="25" count="21" type="stmt"/>
        <line num="27" count="21" type="stmt"/>
        <line num="33" count="45" type="stmt"/>
        <line num="36" count="45" type="stmt"/>
        <line num="38" count="45" type="stmt"/>
        <line num="42" count="1" type="stmt"/>
        <line num="45" count="1" type="stmt"/>
        <line num="48" count="1" type="stmt"/>
        <line num="81" count="1" type="stmt"/>
      </file>
      <file name="Wallet.js" path="/home/livia/trybe_projetos/sd-028-a-project-trybewallet/src/pages/Wallet.js">
        <metrics statements="1" coveredstatements="1" conditionals="0" coveredconditionals="0" methods="1" coveredmethods="1"/>
        <line num="8" count="7" type="stmt"/>
      </file>
    </package>
    <package name="src.redux.actions">
      <metrics statements="39" coveredstatements="37" conditionals="0" coveredconditionals="0" methods="14" coveredmethods="11"/>
      <file name="index.js" path="/home/livia/trybe_projetos/sd-028-a-project-trybewallet/src/redux/actions/index.js">
        <metrics statements="39" coveredstatements="37" conditionals="0" coveredconditionals="0" methods="14" coveredmethods="11"/>
        <line num="1" count="1" type="stmt"/>
        <line num="2" count="1" type="stmt"/>
        <line num="3" count="1" type="stmt"/>
        <line num="4" count="1" type="stmt"/>
        <line num="5" count="1" type="stmt"/>
        <line num="6" count="1" type="stmt"/>
        <line num="7" count="1" type="stmt"/>
        <line num="8" count="1" type="stmt"/>
        <line num="9" count="1" type="stmt"/>
        <line num="10" count="1" type="stmt"/>
        <line num="12" count="1" type="stmt"/>
        <line num="17" count="1" type="stmt"/>
        <line num="24" count="1" type="stmt"/>
        <line num="25" count="11" type="stmt"/>
        <line num="28" count="7" type="stmt"/>
        <line num="35" count="1" type="stmt"/>
        <line num="37" count="4" type="stmt"/>
        <line num="38" count="4" type="stmt"/>
        <line num="47" count="1" type="stmt"/>
        <line num="52" count="2" type="stmt"/>
        <line num="57" count="2" type="stmt"/>
        <line num="61" count="1" type="stmt"/>
        <line num="66" count="1" type="stmt"/>
        <line num="73" count="7" type="stmt"/>
        <line num="74" count="7" type="stmt"/>
        <line num="75" count="7" type="stmt"/>
        <line num="76" count="7" type="stmt"/>
        <line num="77" count="7" type="stmt"/>
        <line num="79" count="7" type="stmt"/>
        <line num="80" count="7" type="stmt"/>
        <line num="82" count="7" type="stmt"/>
        <line num="84" count="0" type="stmt"/>
        <line num="91" count="4" type="stmt"/>
        <line num="92" count="4" type="stmt"/>
        <line num="93" count="4" type="stmt"/>
        <line num="94" count="4" type="stmt"/>
        <line num="95" count="4" type="stmt"/>
        <line num="97" count="4" type="stmt"/>
        <line num="99" count="0" type="stmt"/>
      </file>
    </package>
    <package name="src.redux.reducers">
      <metrics statements="21" coveredstatements="19" conditionals="14" coveredconditionals="12" methods="3" coveredmethods="3"/>
      <file name="index.js" path="/home/livia/trybe_projetos/sd-028-a-project-trybewallet/src/redux/reducers/index.js">
        <metrics statements="1" coveredstatements="1" conditionals="0" coveredconditionals="0" methods="0" coveredmethods="0"/>
        <line num="6" count="1" type="stmt"/>
      </file>
      <file name="user.js" path="/home/livia/trybe_projetos/sd-028-a-project-trybewallet/src/redux/reducers/user.js">
        <metrics statements="5" coveredstatements="5" conditionals="3" coveredconditionals="3" methods="1" coveredmethods="1"/>
        <line num="3" count="1" type="stmt"/>
        <line num="7" count="1" type="cond" truecount="1" falsecount="0"/>
        <line num="8" count="37" type="cond" truecount="2" falsecount="0"/>
        <line num="10" count="1" type="stmt"/>
        <line num="15" count="36" type="stmt"/>
      </file>
      <file name="wallet.js" path="/home/livia/trybe_projetos/sd-028-a-project-trybewallet/src/redux/reducers/wallet.js">
        <metrics statements="8" coveredstatements="7" conditionals="6" coveredconditionals="5" methods="1" coveredmethods="1"/>
        <line num="10" count="1" type="stmt"/>
        <line num="16" count="1" type="cond" truecount="1" falsecount="0"/>
        <line num="17" count="37" type="cond" truecount="4" falsecount="1"/>
        <line num="19" count="0" type="stmt"/>
        <line num="24" count="7" type="stmt"/>
        <line num="30" count="4" type="stmt"/>
        <line num="43" count="1" type="stmt"/>
        <line num="47" count="25" type="stmt"/>
      </file>
      <file name="walletEdit.js" path="/home/livia/trybe_projetos/sd-028-a-project-trybewallet/src/redux/reducers/walletEdit.js">
        <metrics statements="7" coveredstatements="6" conditionals="5" coveredconditionals="4" methods="1" coveredmethods="1"/>
        <line num="7" count="1" type="stmt"/>
        <line num="14" count="1" type="cond" truecount="1" falsecount="0"/>
        <line num="15" count="37" type="cond" truecount="3" falsecount="1"/>
        <line num="17" count="2" type="stmt"/>
        <line num="24" count="0" type="stmt"/>
        <line num="29" count="2" type="stmt"/>
        <line num="34" count="33" type="stmt"/>
      </file>
    </package>
  </project>
</coverage>
