{"total": {"lines":{"total":133,"covered":123,"skipped":0,"pct":92.48},"statements":{"total":146,"covered":131,"skipped":0,"pct":89.72},"functions":{"total":48,"covered":41,"skipped":0,"pct":85.41},"branches":{"total":22,"covered":20,"skipped":0,"pct":90.9},"branchesTrue":{"total":0,"covered":0,"skipped":0,"pct":100}}
,"/home/livia/trybe_projetos/sd-028-a-project-trybewallet/src/App.js": {"lines":{"total":1,"covered":1,"skipped":0,"pct":100},"functions":{"total":1,"covered":1,"skipped":0,"pct":100},"statements":{"total":1,"covered":1,"skipped":0,"pct":100},"branches":{"total":0,"covered":0,"skipped":0,"pct":100}}
,"/home/livia/trybe_projetos/sd-028-a-project-trybewallet/src/components/Header.js": {"lines":{"total":7,"covered":7,"skipped":0,"pct":100},"functions":{"total":3,"covered":3,"skipped":0,"pct":100},"statements":{"total":8,"covered":8,"skipped":0,"pct":100},"branches":{"total":0,"covered":0,"skipped":0,"pct":100}}
,"/home/livia/trybe_projetos/sd-028-a-project-trybewallet/src/components/Table.js": {"lines":{"total":15,"covered":15,"skipped":0,"pct":100},"functions":{"total":8,"covered":8,"skipped":0,"pct":100},"statements":{"total":16,"covered":16,"skipped":0,"pct":100},"branches":{"total":0,"covered":0,"skipped":0,"pct":100}}
,"/home/livia/trybe_projetos/sd-028-a-project-trybewallet/src/components/WalletForm.js": {"lines":{"total":32,"covered":26,"skipped":0,"pct":81.25},"functions":{"total":13,"covered":9,"skipped":0,"pct":69.23},"statements":{"total":35,"covered":27,"skipped":0,"pct":77.14},"branches":{"total":6,"covered":6,"skipped":0,"pct":100}}
,"/home/livia/trybe_projetos/sd-028-a-project-trybewallet/src/pages/Login.js": {"lines":{"total":17,"covered":17,"skipped":0,"pct":100},"functions":{"total":5,"covered":5,"skipped":0,"pct":100},"statements":{"total":17,"covered":17,"skipped":0,"pct":100},"branches":{"total":2,"covered":2,"skipped":0,"pct":100}}
,"/home/livia/trybe_projetos/sd-028-a-project-trybewallet/src/pages/Wallet.js": {"lines":{"total":1,"covered":1,"skipped":0,"pct":100},"functions":{"total":1,"covered":1,"skipped":0,"pct":100},"statements":{"total":1,"covered":1,"skipped":0,"pct":100},"branches":{"total":0,"covered":0,"skipped":0,"pct":100}}
,"/home/livia/trybe_projetos/sd-028-a-project-trybewallet/src/redux/actions/index.js": {"lines":{"total":39,"covered":37,"skipped":0,"pct":94.87},"functions":{"total":14,"covered":11,"skipped":0,"pct":78.57},"statements":{"total":47,"covered":42,"skipped":0,"pct":89.36},"branches":{"total":0,"covered":0,"skipped":0,"pct":100}}
,"/home/livia/trybe_projetos/sd-028-a-project-trybewallet/src/redux/reducers/index.js": {"lines":{"total":1,"covered":1,"skipped":0,"pct":100},"functions":{"total":0,"covered":0,"skipped":0,"pct":100},"statements":{"total":1,"covered":1,"skipped":0,"pct":100},"branches":{"total":0,"covered":0,"skipped":0,"pct":100}}
,"/home/livia/trybe_projetos/sd-028-a-project-trybewallet/src/redux/reducers/user.js": {"lines":{"total":5,"covered":5,"skipped":0,"pct":100},"functions":{"total":1,"covered":1,"skipped":0,"pct":100},"statements":{"total":5,"covered":5,"skipped":0,"pct":100},"branches":{"total":3,"covered":3,"skipped":0,"pct":100}}
,"/home/livia/trybe_projetos/sd-028-a-project-trybewallet/src/redux/reducers/wallet.js": {"lines":{"total":8,"covered":7,"skipped":0,"pct":87.5},"functions":{"total":1,"covered":1,"skipped":0,"pct":100},"statements":{"total":8,"covered":7,"skipped":0,"pct":87.5},"branches":{"total":6,"covered":5,"skipped":0,"pct":83.33}}
,"/home/livia/trybe_projetos/sd-028-a-project-trybewallet/src/redux/reducers/walletEdit.js": {"lines":{"total":7,"covered":6,"skipped":0,"pct":85.71},"functions":{"total":1,"covered":1,"skipped":0,"pct":100},"statements":{"total":7,"covered":6,"skipped":0,"pct":85.71},"branches":{"total":5,"covered":4,"skipped":0,"pct":80}}
}
