{"/home/livia/trybe_projetos/sd-028-a-project-trybewallet/src/App.js": {"path":"/home/livia/trybe_projetos/sd-028-a-project-trybewallet/src/App.js","statementMap":{"0":{"start":{"line":8,"column":4},"end":{"line":15,"column":6}}},"fnMap":{"0":{"name":"(anonymous_0)","decl":{"start":{"line":7,"column":2},"end":{"line":7,"column":3}},"loc":{"start":{"line":7,"column":11},"end":{"line":16,"column":3}},"line":7}},"branchMap":{},"s":{"0":7},"f":{"0":7},"b":{},"_coverageSchema":"1a1c01bbd47fc00a2c39e90264f33305004495a9","hash":"8882216f8253312621cc4bf56f6fb0ef3ae721d3"}
,"/home/livia/trybe_projetos/sd-028-a-project-trybewallet/src/components/Header.js": {"path":"/home/livia/trybe_projetos/sd-028-a-project-trybewallet/src/components/Header.js","statementMap":{"0":{"start":{"line":7,"column":32},"end":{"line":7,"column":42}},"1":{"start":{"line":8,"column":4},"end":{"line":23,"column":6}},"2":{"start":{"line":14,"column":28},"end":{"line":15,"column":61}},"3":{"start":{"line":16,"column":14},"end":{"line":16,"column":31}},"4":{"start":{"line":17,"column":14},"end":{"line":17,"column":33}},"5":{"start":{"line":27,"column":24},"end":{"line":31,"column":2}},"6":{"start":{"line":27,"column":36},"end":{"line":31,"column":1}},"7":{"start":{"line":33,"column":0},"end":{"line":43,"column":2}}},"fnMap":{"0":{"name":"(anonymous_0)","decl":{"start":{"line":6,"column":2},"end":{"line":6,"column":3}},"loc":{"start":{"line":6,"column":11},"end":{"line":24,"column":3}},"line":6},"1":{"name":"(anonymous_1)","decl":{"start":{"line":13,"column":29},"end":{"line":13,"column":30}},"loc":{"start":{"line":13,"column":44},"end":{"line":18,"column":13}},"line":13},"2":{"name":"(anonymous_2)","decl":{"start":{"line":27,"column":24},"end":{"line":27,"column":25}},"loc":{"start":{"line":27,"column":36},"end":{"line":31,"column":1}},"line":27}},"branchMap":{},"s":{"0":19,"1":19,"2":8,"3":8,"4":8,"5":1,"6":19,"7":1},"f":{"0":19,"1":8,"2":19},"b":{},"_coverageSchema":"1a1c01bbd47fc00a2c39e90264f33305004495a9","hash":"8b9ffd64016abfec43c1a6baa6e6cd28922104c8"}
,"/home/livia/trybe_projetos/sd-028-a-project-trybewallet/src/components/Table.js": {"path":"/home/livia/trybe_projetos/sd-028-a-project-trybewallet/src/components/Table.js","statementMap":{"0":{"start":{"line":7,"column":15},"end":{"line":11,"column":3}},"1":{"start":{"line":8,"column":25},"end":{"line":8,"column":35}},"2":{"start":{"line":10,"column":4},"end":{"line":10,"column":37}},"3":{"start":{"line":13,"column":17},"end":{"line":22,"column":3}},"4":{"start":{"line":14,"column":35},"end":{"line":14,"column":45}},"5":{"start":{"line":16,"column":27},"end":{"line":18,"column":6}},"6":{"start":{"line":17,"column":6},"end":{"line":17,"column":34}},"7":{"start":{"line":21,"column":4},"end":{"line":21,"column":44}},"8":{"start":{"line":25,"column":33},"end":{"line":25,"column":43}},"9":{"start":{"line":27,"column":4},"end":{"line":79,"column":6}},"10":{"start":{"line":44,"column":12},"end":{"line":75,"column":17}},"11":{"start":{"line":63,"column":34},"end":{"line":63,"column":65}},"12":{"start":{"line":70,"column":34},"end":{"line":70,"column":67}},"13":{"start":{"line":83,"column":24},"end":{"line":86,"column":2}},"14":{"start":{"line":83,"column":36},"end":{"line":86,"column":1}},"15":{"start":{"line":88,"column":0},"end":{"line":99,"column":2}}},"fnMap":{"0":{"name":"(anonymous_0)","decl":{"start":{"line":7,"column":15},"end":{"line":7,"column":16}},"loc":{"start":{"line":7,"column":30},"end":{"line":11,"column":3}},"line":7},"1":{"name":"(anonymous_1)","decl":{"start":{"line":13,"column":17},"end":{"line":13,"column":18}},"loc":{"start":{"line":13,"column":32},"end":{"line":22,"column":3}},"line":13},"2":{"name":"(anonymous_2)","decl":{"start":{"line":16,"column":43},"end":{"line":16,"column":44}},"loc":{"start":{"line":17,"column":6},"end":{"line":17,"column":34}},"line":17},"3":{"name":"(anonymous_3)","decl":{"start":{"line":24,"column":2},"end":{"line":24,"column":3}},"loc":{"start":{"line":24,"column":11},"end":{"line":80,"column":3}},"line":24},"4":{"name":"(anonymous_4)","decl":{"start":{"line":43,"column":24},"end":{"line":43,"column":25}},"loc":{"start":{"line":44,"column":12},"end":{"line":75,"column":17}},"line":44},"5":{"name":"(anonymous_5)","decl":{"start":{"line":63,"column":28},"end":{"line":63,"column":29}},"loc":{"start":{"line":63,"column":34},"end":{"line":63,"column":65}},"line":63},"6":{"name":"(anonymous_6)","decl":{"start":{"line":70,"column":28},"end":{"line":70,"column":29}},"loc":{"start":{"line":70,"column":34},"end":{"line":70,"column":67}},"line":70},"7":{"name":"(anonymous_7)","decl":{"start":{"line":83,"column":24},"end":{"line":83,"column":25}},"loc":{"start":{"line":83,"column":36},"end":{"line":86,"column":1}},"line":83}},"branchMap":{},"s":{"0":7,"1":2,"2":2,"3":7,"4":1,"5":1,"6":1,"7":1,"8":19,"9":19,"10":8,"11":2,"12":1,"13":1,"14":19,"15":1},"f":{"0":2,"1":1,"2":1,"3":19,"4":8,"5":2,"6":1,"7":19},"b":{},"_coverageSchema":"1a1c01bbd47fc00a2c39e90264f33305004495a9","hash":"773f7a84971ac701fb730e7a66e6eee6ba313351"}
,"/home/livia/trybe_projetos/sd-028-a-project-trybewallet/src/components/WalletForm.js": {"path":"/home/livia/trybe_projetos/sd-028-a-project-trybewallet/src/components/WalletForm.js","statementMap":{"0":{"start":{"line":8,"column":10},"end":{"line":15,"column":3}},"1":{"start":{"line":18,"column":25},"end":{"line":18,"column":35}},"2":{"start":{"line":20,"column":4},"end":{"line":20,"column":33}},"3":{"start":{"line":24,"column":53},"end":{"line":24,"column":63}},"4":{"start":{"line":26,"column":4},"end":{"line":40,"column":5}},"5":{"start":{"line":27,"column":30},"end":{"line":29,"column":8}},"6":{"start":{"line":28,"column":8},"end":{"line":28,"column":35}},"7":{"start":{"line":30,"column":6},"end":{"line":30,"column":35}},"8":{"start":{"line":31,"column":6},"end":{"line":38,"column":9}},"9":{"start":{"line":39,"column":6},"end":{"line":39,"column":32}},"10":{"start":{"line":43,"column":17},"end":{"line":49,"column":3}},"11":{"start":{"line":44,"column":28},"end":{"line":44,"column":34}},"12":{"start":{"line":46,"column":4},"end":{"line":48,"column":7}},"13":{"start":{"line":51,"column":21},"end":{"line":60,"column":3}},"14":{"start":{"line":52,"column":25},"end":{"line":52,"column":35}},"15":{"start":{"line":53,"column":42},"end":{"line":53,"column":52}},"16":{"start":{"line":54,"column":4},"end":{"line":54,"column":32}},"17":{"start":{"line":56,"column":4},"end":{"line":59,"column":7}},"18":{"start":{"line":62,"column":20},"end":{"line":74,"column":3}},"19":{"start":{"line":64,"column":45},"end":{"line":64,"column":55}},"20":{"start":{"line":66,"column":28},"end":{"line":66,"column":84}},"21":{"start":{"line":66,"column":60},"end":{"line":66,"column":83}},"22":{"start":{"line":67,"column":22},"end":{"line":67,"column":73}},"23":{"start":{"line":67,"column":49},"end":{"line":67,"column":72}},"24":{"start":{"line":68,"column":4},"end":{"line":71,"column":6}},"25":{"start":{"line":73,"column":4},"end":{"line":73,"column":34}},"26":{"start":{"line":77,"column":58},"end":{"line":77,"column":68}},"27":{"start":{"line":78,"column":35},"end":{"line":78,"column":45}},"28":{"start":{"line":80,"column":4},"end":{"line":161,"column":6}},"29":{"start":{"line":114,"column":14},"end":{"line":119,"column":23}},"30":{"start":{"line":155,"column":35},"end":{"line":155,"column":57}},"31":{"start":{"line":156,"column":20},"end":{"line":156,"column":43}},"32":{"start":{"line":165,"column":24},"end":{"line":168,"column":2}},"33":{"start":{"line":165,"column":36},"end":{"line":168,"column":1}},"34":{"start":{"line":172,"column":0},"end":{"line":184,"column":2}}},"fnMap":{"0":{"name":"(anonymous_0)","decl":{"start":{"line":17,"column":2},"end":{"line":17,"column":3}},"loc":{"start":{"line":17,"column":28},"end":{"line":21,"column":3}},"line":17},"1":{"name":"(anonymous_1)","decl":{"start":{"line":23,"column":2},"end":{"line":23,"column":3}},"loc":{"start":{"line":23,"column":29},"end":{"line":41,"column":3}},"line":23},"2":{"name":"(anonymous_2)","decl":{"start":{"line":27,"column":44},"end":{"line":27,"column":45}},"loc":{"start":{"line":28,"column":8},"end":{"line":28,"column":35}},"line":28},"3":{"name":"(anonymous_3)","decl":{"start":{"line":43,"column":17},"end":{"line":43,"column":18}},"loc":{"start":{"line":43,"column":33},"end":{"line":49,"column":3}},"line":43},"4":{"name":"(anonymous_4)","decl":{"start":{"line":51,"column":21},"end":{"line":51,"column":22}},"loc":{"start":{"line":51,"column":27},"end":{"line":60,"column":3}},"line":51},"5":{"name":"(anonymous_5)","decl":{"start":{"line":62,"column":20},"end":{"line":62,"column":21}},"loc":{"start":{"line":62,"column":26},"end":{"line":74,"column":3}},"line":62},"6":{"name":"(anonymous_6)","decl":{"start":{"line":66,"column":47},"end":{"line":66,"column":48}},"loc":{"start":{"line":66,"column":60},"end":{"line":66,"column":83}},"line":66},"7":{"name":"(anonymous_7)","decl":{"start":{"line":67,"column":36},"end":{"line":67,"column":37}},"loc":{"start":{"line":67,"column":49},"end":{"line":67,"column":72}},"line":67},"8":{"name":"(anonymous_8)","decl":{"start":{"line":76,"column":2},"end":{"line":76,"column":3}},"loc":{"start":{"line":76,"column":11},"end":{"line":162,"column":3}},"line":76},"9":{"name":"(anonymous_9)","decl":{"start":{"line":113,"column":28},"end":{"line":113,"column":29}},"loc":{"start":{"line":114,"column":14},"end":{"line":119,"column":23}},"line":114},"10":{"name":"(anonymous_10)","decl":{"start":{"line":155,"column":29},"end":{"line":155,"column":30}},"loc":{"start":{"line":155,"column":35},"end":{"line":155,"column":57}},"line":155},"11":{"name":"(anonymous_11)","decl":{"start":{"line":156,"column":14},"end":{"line":156,"column":15}},"loc":{"start":{"line":156,"column":20},"end":{"line":156,"column":43}},"line":156},"12":{"name":"(anonymous_12)","decl":{"start":{"line":165,"column":24},"end":{"line":165,"column":25}},"loc":{"start":{"line":165,"column":36},"end":{"line":168,"column":1}},"line":165}},"branchMap":{"0":{"loc":{"start":{"line":26,"column":4},"end":{"line":40,"column":5}},"type":"if","locations":[{"start":{"line":26,"column":4},"end":{"line":40,"column":5}},{"start":{},"end":{}}],"line":26},"1":{"loc":{"start":{"line":155,"column":20},"end":{"line":156,"column":43}},"type":"cond-expr","locations":[{"start":{"line":155,"column":29},"end":{"line":155,"column":57}},{"start":{"line":156,"column":14},"end":{"line":156,"column":43}}],"line":155},"2":{"loc":{"start":{"line":158,"column":12},"end":{"line":158,"column":59}},"type":"cond-expr","locations":[{"start":{"line":158,"column":21},"end":{"line":158,"column":37}},{"start":{"line":158,"column":40},"end":{"line":158,"column":59}}],"line":158}},"s":{"0":7,"1":7,"2":7,"3":75,"4":75,"5":2,"6":2,"7":2,"8":2,"9":2,"10":7,"11":60,"12":60,"13":7,"14":4,"15":4,"16":4,"17":4,"18":7,"19":0,"20":0,"21":0,"22":0,"23":0,"24":0,"25":0,"26":82,"27":82,"28":82,"29":210,"30":0,"31":4,"32":1,"33":19,"34":1},"f":{"0":7,"1":75,"2":2,"3":60,"4":4,"5":0,"6":0,"7":0,"8":82,"9":210,"10":0,"11":4,"12":19},"b":{"0":[2,73],"1":[8,74],"2":[8,74]},"_coverageSchema":"1a1c01bbd47fc00a2c39e90264f33305004495a9","hash":"e44c2ff192e06f429f03d08eeecc3be772a1c503"}
,"/home/livia/trybe_projetos/sd-028-a-project-trybewallet/src/pages/Login.js": {"path":"/home/livia/trybe_projetos/sd-028-a-project-trybewallet/src/pages/Login.js","statementMap":{"0":{"start":{"line":7,"column":10},"end":{"line":11,"column":3}},"1":{"start":{"line":13,"column":17},"end":{"line":19,"column":3}},"2":{"start":{"line":14,"column":28},"end":{"line":14,"column":34}},"3":{"start":{"line":16,"column":4},"end":{"line":18,"column":36}},"4":{"start":{"line":18,"column":13},"end":{"line":18,"column":34}},"5":{"start":{"line":21,"column":19},"end":{"line":30,"column":3}},"6":{"start":{"line":22,"column":29},"end":{"line":22,"column":39}},"7":{"start":{"line":23,"column":23},"end":{"line":23,"column":24}},"8":{"start":{"line":25,"column":23},"end":{"line":25,"column":69}},"9":{"start":{"line":27,"column":4},"end":{"line":29,"column":7}},"10":{"start":{"line":33,"column":52},"end":{"line":33,"column":62}},"11":{"start":{"line":36,"column":34},"end":{"line":36,"column":44}},"12":{"start":{"line":38,"column":4},"end":{"line":75,"column":6}},"13":{"start":{"line":42,"column":10},"end":{"line":42,"column":29}},"14":{"start":{"line":45,"column":10},"end":{"line":45,"column":47}},"15":{"start":{"line":48,"column":10},"end":{"line":48,"column":36}},"16":{"start":{"line":81,"column":0},"end":{"line":86,"column":2}}},"fnMap":{"0":{"name":"(anonymous_0)","decl":{"start":{"line":13,"column":17},"end":{"line":13,"column":18}},"loc":{"start":{"line":13,"column":33},"end":{"line":19,"column":3}},"line":13},"1":{"name":"(anonymous_1)","decl":{"start":{"line":18,"column":7},"end":{"line":18,"column":8}},"loc":{"start":{"line":18,"column":13},"end":{"line":18,"column":34}},"line":18},"2":{"name":"(anonymous_2)","decl":{"start":{"line":21,"column":19},"end":{"line":21,"column":20}},"loc":{"start":{"line":21,"column":25},"end":{"line":30,"column":3}},"line":21},"3":{"name":"(anonymous_3)","decl":{"start":{"line":32,"column":2},"end":{"line":32,"column":3}},"loc":{"start":{"line":32,"column":11},"end":{"line":76,"column":3}},"line":32},"4":{"name":"(anonymous_4)","decl":{"start":{"line":40,"column":19},"end":{"line":40,"column":20}},"loc":{"start":{"line":40,"column":26},"end":{"line":49,"column":9}},"line":40}},"branchMap":{"0":{"loc":{"start":{"line":28,"column":29},"end":{"line":28,"column":69}},"type":"binary-expr","locations":[{"start":{"line":28,"column":29},"end":{"line":28,"column":54}},{"start":{"line":28,"column":58},"end":{"line":28,"column":69}}],"line":28}},"s":{"0":3,"1":3,"2":21,"3":21,"4":21,"5":3,"6":21,"7":21,"8":21,"9":21,"10":45,"11":45,"12":45,"13":1,"14":1,"15":1,"16":1},"f":{"0":21,"1":21,"2":21,"3":45,"4":1},"b":{"0":[21,1]},"_coverageSchema":"1a1c01bbd47fc00a2c39e90264f33305004495a9","hash":"e6e8d1b067936367f61cdc490f70ad8e9787ebf3"}
,"/home/livia/trybe_projetos/sd-028-a-project-trybewallet/src/pages/Wallet.js": {"path":"/home/livia/trybe_projetos/sd-028-a-project-trybewallet/src/pages/Wallet.js","statementMap":{"0":{"start":{"line":8,"column":4},"end":{"line":14,"column":6}}},"fnMap":{"0":{"name":"(anonymous_0)","decl":{"start":{"line":7,"column":2},"end":{"line":7,"column":3}},"loc":{"start":{"line":7,"column":11},"end":{"line":15,"column":3}},"line":7}},"branchMap":{},"s":{"0":7},"f":{"0":7},"b":{},"_coverageSchema":"1a1c01bbd47fc00a2c39e90264f33305004495a9","hash":"3f9825347c5b2abc68b478c3eb0877ad1eca86f2"}
,"/home/livia/trybe_projetos/sd-028-a-project-trybewallet/src/redux/actions/index.js": {"path":"/home/livia/trybe_projetos/sd-028-a-project-trybewallet/src/redux/actions/index.js","statementMap":{"0":{"start":{"line":1,"column":32},"end":{"line":1,"column":50}},"1":{"start":{"line":2,"column":34},"end":{"line":2,"column":54}},"2":{"start":{"line":3,"column":28},"end":{"line":3,"column":42}},"3":{"start":{"line":4,"column":30},"end":{"line":4,"column":46}},"4":{"start":{"line":5,"column":28},"end":{"line":5,"column":42}},"5":{"start":{"line":6,"column":27},"end":{"line":6,"column":40}},"6":{"start":{"line":7,"column":30},"end":{"line":7,"column":46}},"7":{"start":{"line":8,"column":28},"end":{"line":8,"column":42}},"8":{"start":{"line":9,"column":25},"end":{"line":9,"column":36}},"9":{"start":{"line":10,"column":29},"end":{"line":10,"column":44}},"10":{"start":{"line":12,"column":30},"end":{"line":15,"column":2}},"11":{"start":{"line":12,"column":42},"end":{"line":15,"column":1}},"12":{"start":{"line":17,"column":32},"end":{"line":20,"column":2}},"13":{"start":{"line":17,"column":46},"end":{"line":20,"column":1}},"14":{"start":{"line":24,"column":27},"end":{"line":26,"column":1}},"15":{"start":{"line":25,"column":2},"end":{"line":25,"column":24}},"16":{"start":{"line":28,"column":29},"end":{"line":33,"column":2}},"17":{"start":{"line":28,"column":42},"end":{"line":33,"column":1}},"18":{"start":{"line":35,"column":26},"end":{"line":45,"column":1}},"19":{"start":{"line":37,"column":2},"end":{"line":37,"column":21}},"20":{"start":{"line":38,"column":2},"end":{"line":44,"column":4}},"21":{"start":{"line":47,"column":29},"end":{"line":50,"column":2}},"22":{"start":{"line":47,"column":50},"end":{"line":50,"column":1}},"23":{"start":{"line":52,"column":27},"end":{"line":55,"column":2}},"24":{"start":{"line":52,"column":43},"end":{"line":55,"column":1}},"25":{"start":{"line":57,"column":29},"end":{"line":59,"column":2}},"26":{"start":{"line":57,"column":36},"end":{"line":59,"column":1}},"27":{"start":{"line":61,"column":25},"end":{"line":64,"column":2}},"28":{"start":{"line":61,"column":45},"end":{"line":64,"column":1}},"29":{"start":{"line":66,"column":29},"end":{"line":69,"column":2}},"30":{"start":{"line":66,"column":41},"end":{"line":69,"column":1}},"31":{"start":{"line":73,"column":2},"end":{"line":86,"column":4}},"32":{"start":{"line":74,"column":4},"end":{"line":85,"column":5}},"33":{"start":{"line":75,"column":6},"end":{"line":75,"column":30}},"34":{"start":{"line":76,"column":23},"end":{"line":76,"column":81}},"35":{"start":{"line":77,"column":19},"end":{"line":77,"column":40}},"36":{"start":{"line":79,"column":6},"end":{"line":79,"column":23}},"37":{"start":{"line":80,"column":20},"end":{"line":80,"column":37}},"38":{"start":{"line":82,"column":6},"end":{"line":82,"column":37}},"39":{"start":{"line":84,"column":6},"end":{"line":84,"column":37}},"40":{"start":{"line":91,"column":2},"end":{"line":101,"column":4}},"41":{"start":{"line":92,"column":4},"end":{"line":100,"column":5}},"42":{"start":{"line":93,"column":6},"end":{"line":93,"column":30}},"43":{"start":{"line":94,"column":23},"end":{"line":94,"column":81}},"44":{"start":{"line":95,"column":19},"end":{"line":95,"column":40}},"45":{"start":{"line":97,"column":6},"end":{"line":97,"column":40}},"46":{"start":{"line":99,"column":6},"end":{"line":99,"column":37}}},"fnMap":{"0":{"name":"(anonymous_0)","decl":{"start":{"line":12,"column":30},"end":{"line":12,"column":31}},"loc":{"start":{"line":12,"column":42},"end":{"line":15,"column":1}},"line":12},"1":{"name":"(anonymous_1)","decl":{"start":{"line":17,"column":32},"end":{"line":17,"column":33}},"loc":{"start":{"line":17,"column":46},"end":{"line":20,"column":1}},"line":17},"2":{"name":"(anonymous_2)","decl":{"start":{"line":24,"column":27},"end":{"line":24,"column":28}},"loc":{"start":{"line":25,"column":2},"end":{"line":25,"column":24}},"line":25},"3":{"name":"(anonymous_3)","decl":{"start":{"line":28,"column":29},"end":{"line":28,"column":30}},"loc":{"start":{"line":28,"column":42},"end":{"line":33,"column":1}},"line":28},"4":{"name":"(anonymous_4)","decl":{"start":{"line":35,"column":26},"end":{"line":35,"column":27}},"loc":{"start":{"line":35,"column":43},"end":{"line":45,"column":1}},"line":35},"5":{"name":"(anonymous_5)","decl":{"start":{"line":47,"column":29},"end":{"line":47,"column":30}},"loc":{"start":{"line":47,"column":50},"end":{"line":50,"column":1}},"line":47},"6":{"name":"(anonymous_6)","decl":{"start":{"line":52,"column":27},"end":{"line":52,"column":28}},"loc":{"start":{"line":52,"column":43},"end":{"line":55,"column":1}},"line":52},"7":{"name":"(anonymous_7)","decl":{"start":{"line":57,"column":29},"end":{"line":57,"column":30}},"loc":{"start":{"line":57,"column":36},"end":{"line":59,"column":1}},"line":57},"8":{"name":"(anonymous_8)","decl":{"start":{"line":61,"column":25},"end":{"line":61,"column":26}},"loc":{"start":{"line":61,"column":45},"end":{"line":64,"column":1}},"line":61},"9":{"name":"(anonymous_9)","decl":{"start":{"line":66,"column":29},"end":{"line":66,"column":30}},"loc":{"start":{"line":66,"column":41},"end":{"line":69,"column":1}},"line":66},"10":{"name":"fetchEconomiaAPI","decl":{"start":{"line":72,"column":16},"end":{"line":72,"column":32}},"loc":{"start":{"line":72,"column":35},"end":{"line":87,"column":1}},"line":72},"11":{"name":"(anonymous_11)","decl":{"start":{"line":73,"column":9},"end":{"line":73,"column":10}},"loc":{"start":{"line":73,"column":29},"end":{"line":86,"column":3}},"line":73},"12":{"name":"addExpenses","decl":{"start":{"line":90,"column":16},"end":{"line":90,"column":27}},"loc":{"start":{"line":90,"column":35},"end":{"line":102,"column":1}},"line":90},"13":{"name":"(anonymous_13)","decl":{"start":{"line":91,"column":9},"end":{"line":91,"column":10}},"loc":{"start":{"line":91,"column":29},"end":{"line":101,"column":3}},"line":91}},"branchMap":{},"s":{"0":1,"1":1,"2":1,"3":1,"4":1,"5":1,"6":1,"7":1,"8":1,"9":1,"10":1,"11":1,"12":1,"13":0,"14":1,"15":11,"16":1,"17":7,"18":1,"19":4,"20":4,"21":1,"22":1,"23":1,"24":2,"25":1,"26":2,"27":1,"28":0,"29":1,"30":0,"31":7,"32":7,"33":7,"34":7,"35":7,"36":7,"37":7,"38":7,"39":0,"40":4,"41":4,"42":4,"43":4,"44":4,"45":4,"46":0},"f":{"0":1,"1":0,"2":11,"3":7,"4":4,"5":1,"6":2,"7":2,"8":0,"9":0,"10":7,"11":7,"12":4,"13":4},"b":{},"_coverageSchema":"1a1c01bbd47fc00a2c39e90264f33305004495a9","hash":"5c22a85684f0b9b86d05ca7c9d2d12527ba41927"}
,"/home/livia/trybe_projetos/sd-028-a-project-trybewallet/src/redux/reducers/index.js": {"path":"/home/livia/trybe_projetos/sd-028-a-project-trybewallet/src/redux/reducers/index.js","statementMap":{"0":{"start":{"line":6,"column":20},"end":{"line":10,"column":2}}},"fnMap":{},"branchMap":{},"s":{"0":1},"f":{},"b":{},"_coverageSchema":"1a1c01bbd47fc00a2c39e90264f33305004495a9","hash":"ca59aeac68f5c37480bc0d40f02fe8a7633ed190"}
,"/home/livia/trybe_projetos/sd-028-a-project-trybewallet/src/redux/reducers/user.js": {"path":"/home/livia/trybe_projetos/sd-028-a-project-trybewallet/src/redux/reducers/user.js","statementMap":{"0":{"start":{"line":3,"column":22},"end":{"line":5,"column":1}},"1":{"start":{"line":7,"column":20},"end":{"line":17,"column":1}},"2":{"start":{"line":8,"column":2},"end":{"line":16,"column":3}},"3":{"start":{"line":10,"column":4},"end":{"line":13,"column":6}},"4":{"start":{"line":15,"column":11},"end":{"line":15,"column":24}}},"fnMap":{"0":{"name":"(anonymous_0)","decl":{"start":{"line":7,"column":20},"end":{"line":7,"column":21}},"loc":{"start":{"line":7,"column":55},"end":{"line":17,"column":1}},"line":7}},"branchMap":{"0":{"loc":{"start":{"line":7,"column":21},"end":{"line":7,"column":42}},"type":"default-arg","locations":[{"start":{"line":7,"column":29},"end":{"line":7,"column":42}}],"line":7},"1":{"loc":{"start":{"line":8,"column":2},"end":{"line":16,"column":3}},"type":"switch","locations":[{"start":{"line":9,"column":2},"end":{"line":13,"column":6}},{"start":{"line":15,"column":2},"end":{"line":15,"column":24}}],"line":8}},"s":{"0":1,"1":1,"2":37,"3":1,"4":36},"f":{"0":37},"b":{"0":[9],"1":[1,36]},"_coverageSchema":"1a1c01bbd47fc00a2c39e90264f33305004495a9","hash":"e34d97630692c9dd257b0c42fd499c1ceb879f51"}
,"/home/livia/trybe_projetos/sd-028-a-project-trybewallet/src/redux/reducers/wallet.js": {"path":"/home/livia/trybe_projetos/sd-028-a-project-trybewallet/src/redux/reducers/wallet.js","statementMap":{"0":{"start":{"line":10,"column":22},"end":{"line":14,"column":1}},"1":{"start":{"line":16,"column":22},"end":{"line":49,"column":1}},"2":{"start":{"line":17,"column":2},"end":{"line":48,"column":3}},"3":{"start":{"line":19,"column":4},"end":{"line":22,"column":6}},"4":{"start":{"line":24,"column":4},"end":{"line":28,"column":6}},"5":{"start":{"line":30,"column":4},"end":{"line":41,"column":6}},"6":{"start":{"line":43,"column":4},"end":{"line":46,"column":6}},"7":{"start":{"line":47,"column":11},"end":{"line":47,"column":24}}},"fnMap":{"0":{"name":"(anonymous_0)","decl":{"start":{"line":16,"column":22},"end":{"line":16,"column":23}},"loc":{"start":{"line":16,"column":57},"end":{"line":49,"column":1}},"line":16}},"branchMap":{"0":{"loc":{"start":{"line":16,"column":23},"end":{"line":16,"column":44}},"type":"default-arg","locations":[{"start":{"line":16,"column":31},"end":{"line":16,"column":44}}],"line":16},"1":{"loc":{"start":{"line":17,"column":2},"end":{"line":48,"column":3}},"type":"switch","locations":[{"start":{"line":18,"column":2},"end":{"line":22,"column":6}},{"start":{"line":23,"column":2},"end":{"line":28,"column":6}},{"start":{"line":29,"column":2},"end":{"line":41,"column":6}},{"start":{"line":42,"column":2},"end":{"line":46,"column":6}},{"start":{"line":47,"column":2},"end":{"line":47,"column":24}}],"line":17}},"s":{"0":1,"1":1,"2":37,"3":0,"4":7,"5":4,"6":1,"7":25},"f":{"0":37},"b":{"0":[9],"1":[0,7,4,1,25]},"_coverageSchema":"1a1c01bbd47fc00a2c39e90264f33305004495a9","hash":"3f245dad97b375c50c76e0d641061ef189930a39"}
,"/home/livia/trybe_projetos/sd-028-a-project-trybewallet/src/redux/reducers/walletEdit.js": {"path":"/home/livia/trybe_projetos/sd-028-a-project-trybewallet/src/redux/reducers/walletEdit.js","statementMap":{"0":{"start":{"line":7,"column":22},"end":{"line":12,"column":1}},"1":{"start":{"line":14,"column":19},"end":{"line":36,"column":1}},"2":{"start":{"line":15,"column":2},"end":{"line":35,"column":3}},"3":{"start":{"line":17,"column":4},"end":{"line":22,"column":6}},"4":{"start":{"line":24,"column":4},"end":{"line":27,"column":6}},"5":{"start":{"line":29,"column":4},"end":{"line":32,"column":6}},"6":{"start":{"line":34,"column":11},"end":{"line":34,"column":24}}},"fnMap":{"0":{"name":"(anonymous_0)","decl":{"start":{"line":14,"column":19},"end":{"line":14,"column":20}},"loc":{"start":{"line":14,"column":54},"end":{"line":36,"column":1}},"line":14}},"branchMap":{"0":{"loc":{"start":{"line":14,"column":20},"end":{"line":14,"column":41}},"type":"default-arg","locations":[{"start":{"line":14,"column":28},"end":{"line":14,"column":41}}],"line":14},"1":{"loc":{"start":{"line":15,"column":2},"end":{"line":35,"column":3}},"type":"switch","locations":[{"start":{"line":16,"column":2},"end":{"line":22,"column":6}},{"start":{"line":23,"column":2},"end":{"line":27,"column":6}},{"start":{"line":28,"column":2},"end":{"line":32,"column":6}},{"start":{"line":34,"column":2},"end":{"line":34,"column":24}}],"line":15}},"s":{"0":1,"1":1,"2":37,"3":2,"4":0,"5":2,"6":33},"f":{"0":37},"b":{"0":[9],"1":[2,0,2,33]},"_coverageSchema":"1a1c01bbd47fc00a2c39e90264f33305004495a9","hash":"f2484a61e7972a9a6f97b023c9156028b69d649c"}
}
