TN:
SF:src/App.js
FN:7,(anonymous_0)
FNF:1
FNH:1
FNDA:7,(anonymous_0)
DA:8,7
LF:1
LH:1
BRF:0
BRH:0
end_of_record
TN:
SF:src/components/Header.js
FN:6,(anonymous_0)
FN:13,(anonymous_1)
FN:27,(anonymous_2)
FNF:3
FNH:3
FNDA:19,(anonymous_0)
FNDA:8,(anonymous_1)
FNDA:19,(anonymous_2)
DA:7,19
DA:8,19
DA:14,8
DA:16,8
DA:17,8
DA:27,19
DA:33,1
LF:7
LH:7
BRF:0
BRH:0
end_of_record
TN:
SF:src/components/Table.js
FN:7,(anonymous_0)
FN:13,(anonymous_1)
FN:16,(anonymous_2)
FN:24,(anonymous_3)
FN:43,(anonymous_4)
FN:63,(anonymous_5)
FN:70,(anonymous_6)
FN:83,(anonymous_7)
FNF:8
FNH:8
FNDA:2,(anonymous_0)
FNDA:1,(anonymous_1)
FNDA:1,(anonymous_2)
FNDA:19,(anonymous_3)
FNDA:8,(anonymous_4)
FNDA:2,(anonymous_5)
FNDA:1,(anonymous_6)
FNDA:19,(anonymous_7)
DA:7,7
DA:8,2
DA:10,2
DA:13,7
DA:14,1
DA:16,1
DA:17,1
DA:21,1
DA:25,19
DA:27,19
DA:44,8
DA:63,2
DA:70,1
DA:83,19
DA:88,1
LF:15
LH:15
BRF:0
BRH:0
end_of_record
TN:
SF:src/components/WalletForm.js
FN:17,(anonymous_0)
FN:23,(anonymous_1)
FN:27,(anonymous_2)
FN:43,(anonymous_3)
FN:51,(anonymous_4)
FN:62,(anonymous_5)
FN:66,(anonymous_6)
FN:67,(anonymous_7)
FN:76,(anonymous_8)
FN:113,(anonymous_9)
FN:155,(anonymous_10)
FN:156,(anonymous_11)
FN:165,(anonymous_12)
FNF:13
FNH:9
FNDA:7,(anonymous_0)
FNDA:75,(anonymous_1)
FNDA:2,(anonymous_2)
FNDA:60,(anonymous_3)
FNDA:4,(anonymous_4)
FNDA:0,(anonymous_5)
FNDA:0,(anonymous_6)
FNDA:0,(anonymous_7)
FNDA:82,(anonymous_8)
FNDA:210,(anonymous_9)
FNDA:0,(anonymous_10)
FNDA:4,(anonymous_11)
FNDA:19,(anonymous_12)
DA:8,7
DA:18,7
DA:20,7
DA:24,75
DA:26,75
DA:27,2
DA:28,2
DA:30,2
DA:31,2
DA:39,2
DA:43,7
DA:44,60
DA:46,60
DA:51,7
DA:52,4
DA:53,4
DA:54,4
DA:56,4
DA:62,7
DA:64,0
DA:66,0
DA:67,0
DA:68,0
DA:73,0
DA:77,82
DA:78,82
DA:80,82
DA:114,210
DA:155,0
DA:156,4
DA:165,19
DA:172,1
LF:32
LH:26
BRDA:26,0,0,2
BRDA:26,0,1,73
BRDA:155,1,0,8
BRDA:155,1,1,74
BRDA:158,2,0,8
BRDA:158,2,1,74
BRF:6
BRH:6
end_of_record
TN:
SF:src/pages/Login.js
FN:13,(anonymous_0)
FN:18,(anonymous_1)
FN:21,(anonymous_2)
FN:32,(anonymous_3)
FN:40,(anonymous_4)
FNF:5
FNH:5
FNDA:21,(anonymous_0)
FNDA:21,(anonymous_1)
FNDA:21,(anonymous_2)
FNDA:45,(anonymous_3)
FNDA:1,(anonymous_4)
DA:7,3
DA:13,3
DA:14,21
DA:16,21
DA:18,21
DA:21,3
DA:22,21
DA:23,21
DA:25,21
DA:27,21
DA:33,45
DA:36,45
DA:38,45
DA:42,1
DA:45,1
DA:48,1
DA:81,1
LF:17
LH:17
BRDA:28,0,0,21
BRDA:28,0,1,1
BRF:2
BRH:2
end_of_record
TN:
SF:src/pages/Wallet.js
FN:7,(anonymous_0)
FNF:1
FNH:1
FNDA:7,(anonymous_0)
DA:8,7
LF:1
LH:1
BRF:0
BRH:0
end_of_record
TN:
SF:src/redux/actions/index.js
FN:12,(anonymous_0)
FN:17,(anonymous_1)
FN:24,(anonymous_2)
FN:28,(anonymous_3)
FN:35,(anonymous_4)
FN:47,(anonymous_5)
FN:52,(anonymous_6)
FN:57,(anonymous_7)
FN:61,(anonymous_8)
FN:66,(anonymous_9)
FN:72,fetchEconomiaAPI
FN:73,(anonymous_11)
FN:90,addExpenses
FN:91,(anonymous_13)
FNF:14
FNH:11
FNDA:1,(anonymous_0)
FNDA:0,(anonymous_1)
FNDA:11,(anonymous_2)
FNDA:7,(anonymous_3)
FNDA:4,(anonymous_4)
FNDA:1,(anonymous_5)
FNDA:2,(anonymous_6)
FNDA:2,(anonymous_7)
FNDA:0,(anonymous_8)
FNDA:0,(anonymous_9)
FNDA:7,fetchEconomiaAPI
FNDA:7,(anonymous_11)
FNDA:4,addExpenses
FNDA:4,(anonymous_13)
DA:1,1
DA:2,1
DA:3,1
DA:4,1
DA:5,1
DA:6,1
DA:7,1
DA:8,1
DA:9,1
DA:10,1
DA:12,1
DA:17,1
DA:24,1
DA:25,11
DA:28,7
DA:35,1
DA:37,4
DA:38,4
DA:47,1
DA:52,2
DA:57,2
DA:61,1
DA:66,1
DA:73,7
DA:74,7
DA:75,7
DA:76,7
DA:77,7
DA:79,7
DA:80,7
DA:82,7
DA:84,0
DA:91,4
DA:92,4
DA:93,4
DA:94,4
DA:95,4
DA:97,4
DA:99,0
LF:39
LH:37
BRF:0
BRH:0
end_of_record
TN:
SF:src/redux/reducers/index.js
FNF:0
FNH:0
DA:6,1
LF:1
LH:1
BRF:0
BRH:0
end_of_record
TN:
SF:src/redux/reducers/user.js
FN:7,(anonymous_0)
FNF:1
FNH:1
FNDA:37,(anonymous_0)
DA:3,1
DA:7,1
DA:8,37
DA:10,1
DA:15,36
LF:5
LH:5
BRDA:7,0,0,9
BRDA:8,1,0,1
BRDA:8,1,1,36
BRF:3
BRH:3
end_of_record
TN:
SF:src/redux/reducers/wallet.js
FN:16,(anonymous_0)
FNF:1
FNH:1
FNDA:37,(anonymous_0)
DA:10,1
DA:16,1
DA:17,37
DA:19,0
DA:24,7
DA:30,4
DA:43,1
DA:47,25
LF:8
LH:7
BRDA:16,0,0,9
BRDA:17,1,0,0
BRDA:17,1,1,7
BRDA:17,1,2,4
BRDA:17,1,3,1
BRDA:17,1,4,25
BRF:6
BRH:5
end_of_record
TN:
SF:src/redux/reducers/walletEdit.js
FN:14,(anonymous_0)
FNF:1
FNH:1
FNDA:37,(anonymous_0)
DA:7,1
DA:14,1
DA:15,37
DA:17,2
DA:24,0
DA:29,2
DA:34,33
LF:7
LH:6
BRDA:14,0,0,9
BRDA:15,1,0,2
BRDA:15,1,1,0
BRDA:15,1,2,2
BRDA:15,1,3,33
BRF:5
BRH:4
end_of_record
